Using pre-set license
Built from '2020.2/release' branch; Version is '2020.2.4f1 (becced5a802b) revision 12504301'; Using compiler version '192528614'; Build Type 'Release'
OS: 'Windows 10 Pro; OS build 19042.985; Version 2009; 64bit' Language: 'en' Physical Memory: 16316 MB
BatchMode: 1, IsHumanControllingUs: 0, StartBugReporterOnCrash: 0, Is64bit: 1, IsPro: 0

 COMMAND LINE ARGUMENTS:
C:\Program Files\Unity\Hub\Editor\2020.2.4f1\Editor\Unity.exe
-adb2
-batchMode
-noUpm
-name
AssetImportWorker0
-projectPath
D:/Repository/AR/AR_Game
-logFile
Logs/AssetImportWorker0.log
-srvPort
33305
Successfully changed project path to: D:/Repository/AR/AR_Game
D:/Repository/AR/AR_Game
Using Asset Import Pipeline V2.
Refreshing native plugins compatible for Editor in 38.11 ms, found 0 plugins.
Preloading 0 native plugins for Editor in 0.00 ms.
Initialize engine version: 2020.2.4f1 (becced5a802b)
[Subsystems] Discovering subsystems at path C:/Program Files/Unity/Hub/Editor/2020.2.4f1/Editor/Data/Resources/UnitySubsystems
[Subsystems] Discovering subsystems at path D:/Repository/AR/AR_Game/Assets
GfxDevice: creating device client; threaded=0
Direct3D:
    Version:  Direct3D 11.0 [level 11.1]
    Renderer: NVIDIA GeForce GTX 1060 (ID=0x1c60)
    Vendor:   
    VRAM:     6052 MB
    Driver:   27.21.14.6627
Initialize mono
Mono path[0] = 'C:/Program Files/Unity/Hub/Editor/2020.2.4f1/Editor/Data/Managed'
Mono path[1] = 'C:/Program Files/Unity/Hub/Editor/2020.2.4f1/Editor/Data/MonoBleedingEdge/lib/mono/unityjit'
Mono config path = 'C:/Program Files/Unity/Hub/Editor/2020.2.4f1/Editor/Data/MonoBleedingEdge/etc'
Using monoOptions --debugger-agent=transport=dt_socket,embedding=1,server=y,suspend=n,address=127.0.0.1:56208
Begin MonoManager ReloadAssembly
Registering precompiled unity dll's ...
Register platform support module: C:/Program Files/Unity/Hub/Editor/2020.2.4f1/Editor/Data/PlaybackEngines/WindowsStandaloneSupport/UnityEditor.WindowsStandalone.Extensions.dll
Registered in 0.009038 seconds.
Native extension for WindowsStandalone target not found
Refreshing native plugins compatible for Editor in 35.62 ms, found 0 plugins.
Preloading 0 native plugins for Editor in 0.00 ms.
Invoked RoslynAnalysisRunner static constructor.
RoslynAnalysisRunner will not be running.
RoslynAnalysisRunner has terminated.
Mono: successfully reloaded assembly
- Completed reload, in  4.746 seconds
Platform modules already initialized, skipping
Registering precompiled user dll's ...
Registered in 0.001012 seconds.
Begin MonoManager ReloadAssembly
Native extension for WindowsStandalone target not found
Refreshing native plugins compatible for Editor in 39.48 ms, found 0 plugins.
Preloading 0 native plugins for Editor in 0.00 ms.
Invoked RoslynAnalysisRunner static constructor.
RoslynAnalysisRunner will not be running.
RoslynAnalysisRunner has terminated.
Mono: successfully reloaded assembly
- Completed reload, in  1.429 seconds
Platform modules already initialized, skipping
========================================================================
Worker process is ready to serve import requests
Launched and connected shader compiler UnityShaderCompiler.exe after 0.11 seconds
Refreshing native plugins compatible for Editor in 0.55 ms, found 0 plugins.
Preloading 0 native plugins for Editor in 0.00 ms.
Unloading 1561 Unused Serialized files (Serialized files now loaded: 0)
System memory in use before: 71.8 MB.
System memory in use after: 71.8 MB.

Unloading 12 unused Assets to reduce memory usage. Loaded Objects now: 2005.
Total: 2.747700 ms (FindLiveObjects: 0.322900 ms CreateObjectMapping: 0.130600 ms MarkObjects: 2.155900 ms  DeleteObjects: 0.136700 ms)

========================================================================
Received Import Request.
  path: Assets/Skriptai/MainGameComponents.cs
  artifactKey: Guid(867dd14439afc654a8e2ce96ec968f21) Importer(815301076,1909f56bfc062723c751e8b465ee728b)
Start importing Assets/Skriptai/MainGameComponents.cs using Guid(867dd14439afc654a8e2ce96ec968f21) Importer(815301076,1909f56bfc062723c751e8b465ee728b)  -> (artifact id: '8fa81a26d036fb7cd802e3273cea691e') in 0.074647 seconds
  Import took 0.080204 seconds .

========================================================================
Received Import Request.
  Time since last request: 0.001067 seconds.
  path: Assets/Skriptai/MovingObject.cs
  artifactKey: Guid(0bcc487f4b89b8249b7dac10cb81e6d4) Importer(815301076,1909f56bfc062723c751e8b465ee728b)
Start importing Assets/Skriptai/MovingObject.cs using Guid(0bcc487f4b89b8249b7dac10cb81e6d4) Importer(815301076,1909f56bfc062723c751e8b465ee728b)  -> (artifact id: '06fdf2ecf81841d17a70b2fc95c96db9') in 0.003795 seconds
  Import took 0.008543 seconds .

========================================================================
Received Import Request.
  Time since last request: 1.349519 seconds.
  path: Assets/Skriptai/GameController.cs
  artifactKey: Guid(296518f8329efcb4181b3983ef8450b2) Importer(815301076,1909f56bfc062723c751e8b465ee728b)
Start importing Assets/Skriptai/GameController.cs using Guid(296518f8329efcb4181b3983ef8450b2) Importer(815301076,1909f56bfc062723c751e8b465ee728b)  -> (artifact id: 'e67b9805d4ba7a5d191436f144804359') in 0.003735 seconds
  Import took 0.007760 seconds .

========================================================================
Received Import Request.
  Time since last request: 0.001647 seconds.
  path: Assets/Skriptai/GameController.cs
  artifactKey: Guid(296518f8329efcb4181b3983ef8450b2) Importer(815301076,1909f56bfc062723c751e8b465ee728b)
Start importing Assets/Skriptai/GameController.cs using Guid(296518f8329efcb4181b3983ef8450b2) Importer(815301076,1909f56bfc062723c751e8b465ee728b)  -> (artifact id: 'e67b9805d4ba7a5d191436f144804359') in 0.003561 seconds
  Import took 0.006824 seconds .

========================================================================
Received Import Request.
  Time since last request: 5.277170 seconds.
  path: Assets/Skriptai/ObstacleTriggering.cs
  artifactKey: Guid(90cb33a683c53ad4c91bdf80730cef64) Importer(815301076,1909f56bfc062723c751e8b465ee728b)
Start importing Assets/Skriptai/ObstacleTriggering.cs using Guid(90cb33a683c53ad4c91bdf80730cef64) Importer(815301076,1909f56bfc062723c751e8b465ee728b)  -> (artifact id: 'fe102853dce8196152896c6ba4895961') in 0.004696 seconds
  Import took 0.008979 seconds .

========================================================================
Received Import Request.
  Time since last request: 0.005192 seconds.
  path: Assets/Skriptai/ObstacleTriggering.cs
  artifactKey: Guid(90cb33a683c53ad4c91bdf80730cef64) Importer(815301076,1909f56bfc062723c751e8b465ee728b)
Start importing Assets/Skriptai/ObstacleTriggering.cs using Guid(90cb33a683c53ad4c91bdf80730cef64) Importer(815301076,1909f56bfc062723c751e8b465ee728b)  -> (artifact id: 'fe102853dce8196152896c6ba4895961') in 0.003048 seconds
  Import took 0.006669 seconds .

========================================================================
Received Import Request.
  Time since last request: 5.629208 seconds.
  path: Assets/Skriptai/ObstCollision.cs
  artifactKey: Guid(1e4c36e101fe80e44bd28ceed3f68707) Importer(815301076,1909f56bfc062723c751e8b465ee728b)
Start importing Assets/Skriptai/ObstCollision.cs using Guid(1e4c36e101fe80e44bd28ceed3f68707) Importer(815301076,1909f56bfc062723c751e8b465ee728b)  -> (artifact id: '4b663cf8175259d72b417306b07ceea4') in 0.004313 seconds
  Import took 0.010786 seconds .

========================================================================
Received Import Request.
  Time since last request: 4.586096 seconds.
  path: Assets/Skriptai/TempButtons.cs
  artifactKey: Guid(798d4c65e4eea5e4784d128e9d5433a2) Importer(815301076,1909f56bfc062723c751e8b465ee728b)
Start importing Assets/Skriptai/TempButtons.cs using Guid(798d4c65e4eea5e4784d128e9d5433a2) Importer(815301076,1909f56bfc062723c751e8b465ee728b)  -> (artifact id: 'f174d7b32bd047cc6cc5554458daad1d') in 0.006052 seconds
  Import took 0.010388 seconds .

========================================================================
Received Prepare
Registering precompiled user dll's ...
Registered in 0.000974 seconds.
Begin MonoManager ReloadAssembly
Native extension for WindowsStandalone target not found
Refreshing native plugins compatible for Editor in 0.34 ms, found 0 plugins.
Preloading 0 native plugins for Editor in 0.00 ms.
Invoked RoslynAnalysisRunner static constructor.
RoslynAnalysisRunner will not be running.
RoslynAnalysisRunner has terminated.
Mono: successfully reloaded assembly
- Completed reload, in  1.294 seconds
Platform modules already initialized, skipping
Switching build target platform(5) subTarget(0) extendedPlatform(0) -> platform(13) subTarget(524288) extendedPlatform(0)
Refreshing native plugins compatible for Editor in 0.32 ms, found 0 plugins.
Preloading 0 native plugins for Editor in 0.00 ms.
Unloading 1539 Unused Serialized files (Serialized files now loaded: 0)
System memory in use before: 70.2 MB.
System memory in use after: 70.3 MB.

Unloading 7 unused Assets to reduce memory usage. Loaded Objects now: 2008.
Total: 2.372300 ms (FindLiveObjects: 0.212700 ms CreateObjectMapping: 0.067400 ms MarkObjects: 1.967400 ms  DeleteObjects: 0.123600 ms)

AssetImportParameters requested are different than current active one (requested -> active):
  custom:graphics/normal-map-encoding: 01000000000000000000000000000000 -> 02000000000000000000000000000000
========================================================================
Received Prepare
Registering precompiled user dll's ...
Registered in 0.001012 seconds.
Begin MonoManager ReloadAssembly
Native extension for WindowsStandalone target not found
Refreshing native plugins compatible for Editor in 0.33 ms, found 0 plugins.
Preloading 0 native plugins for Editor in 0.00 ms.
Invoked RoslynAnalysisRunner static constructor.
RoslynAnalysisRunner will not be running.
RoslynAnalysisRunner has terminated.
Mono: successfully reloaded assembly
- Completed reload, in  1.328 seconds
Platform modules already initialized, skipping
Switching build target platform(5) subTarget(0) extendedPlatform(0) -> platform(13) subTarget(524288) extendedPlatform(0)
Refreshing native plugins compatible for Editor in 0.34 ms, found 0 plugins.
Preloading 0 native plugins for Editor in 0.00 ms.
Unloading 1539 Unused Serialized files (Serialized files now loaded: 0)
System memory in use before: 70.2 MB.
System memory in use after: 70.3 MB.

Unloading 7 unused Assets to reduce memory usage. Loaded Objects now: 2011.
Total: 2.682400 ms (FindLiveObjects: 0.399200 ms CreateObjectMapping: 0.103100 ms MarkObjects: 2.034800 ms  DeleteObjects: 0.144200 ms)

AssetImportParameters requested are different than current active one (requested -> active):
  custom:graphics/normal-map-encoding: 01000000000000000000000000000000 -> 02000000000000000000000000000000
========================================================================
Received Prepare
Registering precompiled user dll's ...
Registered in 0.001047 seconds.
Begin MonoManager ReloadAssembly
Native extension for WindowsStandalone target not found
Refreshing native plugins compatible for Editor in 0.44 ms, found 0 plugins.
Preloading 0 native plugins for Editor in 0.00 ms.
Invoked RoslynAnalysisRunner static constructor.
RoslynAnalysisRunner will not be running.
RoslynAnalysisRunner has terminated.
Mono: successfully reloaded assembly
- Completed reload, in  1.313 seconds
Platform modules already initialized, skipping
Switching build target platform(5) subTarget(0) extendedPlatform(0) -> platform(13) subTarget(524288) extendedPlatform(0)
Refreshing native plugins compatible for Editor in 0.34 ms, found 0 plugins.
Preloading 0 native plugins for Editor in 0.00 ms.
Unloading 1539 Unused Serialized files (Serialized files now loaded: 0)
System memory in use before: 70.2 MB.
System memory in use after: 70.3 MB.

Unloading 7 unused Assets to reduce memory usage. Loaded Objects now: 2014.
Total: 2.500600 ms (FindLiveObjects: 0.300800 ms CreateObjectMapping: 0.097300 ms MarkObjects: 1.978200 ms  DeleteObjects: 0.123200 ms)

AssetImportParameters requested are different than current active one (requested -> active):
  custom:graphics/normal-map-encoding: 01000000000000000000000000000000 -> 02000000000000000000000000000000
========================================================================
Received Prepare
Registering precompiled user dll's ...
Registered in 0.001360 seconds.
Begin MonoManager ReloadAssembly
Native extension for WindowsStandalone target not found
Refreshing native plugins compatible for Editor in 0.33 ms, found 0 plugins.
Preloading 0 native plugins for Editor in 0.00 ms.
Invoked RoslynAnalysisRunner static constructor.
RoslynAnalysisRunner will not be running.
RoslynAnalysisRunner has terminated.
Mono: successfully reloaded assembly
- Completed reload, in  1.326 seconds
Platform modules already initialized, skipping
Switching build target platform(5) subTarget(0) extendedPlatform(0) -> platform(13) subTarget(524288) extendedPlatform(0)
Refreshing native plugins compatible for Editor in 0.44 ms, found 0 plugins.
Preloading 0 native plugins for Editor in 0.00 ms.
Unloading 1539 Unused Serialized files (Serialized files now loaded: 0)
System memory in use before: 70.3 MB.
System memory in use after: 70.3 MB.

Unloading 7 unused Assets to reduce memory usage. Loaded Objects now: 2017.
Total: 2.520500 ms (FindLiveObjects: 0.236100 ms CreateObjectMapping: 0.128300 ms MarkObjects: 2.030600 ms  DeleteObjects: 0.124100 ms)

AssetImportParameters requested are different than current active one (requested -> active):
  custom:graphics/normal-map-encoding: 01000000000000000000000000000000 -> 02000000000000000000000000000000
========================================================================
Received Prepare
Registering precompiled user dll's ...
Registered in 0.001129 seconds.
Begin MonoManager ReloadAssembly
Native extension for WindowsStandalone target not found
Refreshing native plugins compatible for Editor in 0.39 ms, found 0 plugins.
Preloading 0 native plugins for Editor in 0.00 ms.
Invoked RoslynAnalysisRunner static constructor.
RoslynAnalysisRunner will not be running.
RoslynAnalysisRunner has terminated.
Mono: successfully reloaded assembly
- Completed reload, in  1.459 seconds
Platform modules already initialized, skipping
Switching build target platform(5) subTarget(0) extendedPlatform(0) -> platform(13) subTarget(524288) extendedPlatform(0)
Refreshing native plugins compatible for Editor in 0.55 ms, found 0 plugins.
Preloading 0 native plugins for Editor in 0.00 ms.
Unloading 1539 Unused Serialized files (Serialized files now loaded: 0)
System memory in use before: 70.3 MB.
System memory in use after: 70.3 MB.

Unloading 7 unused Assets to reduce memory usage. Loaded Objects now: 2020.
Total: 2.934900 ms (FindLiveObjects: 0.434200 ms CreateObjectMapping: 0.084800 ms MarkObjects: 2.292700 ms  DeleteObjects: 0.122000 ms)

AssetImportParameters requested are different than current active one (requested -> active):
  custom:graphics/normal-map-encoding: 01000000000000000000000000000000 -> 02000000000000000000000000000000
========================================================================
Received Prepare
Registering precompiled user dll's ...
Registered in 0.001023 seconds.
Begin MonoManager ReloadAssembly
Native extension for WindowsStandalone target not found
Refreshing native plugins compatible for Editor in 0.33 ms, found 0 plugins.
Preloading 0 native plugins for Editor in 0.00 ms.
Invoked RoslynAnalysisRunner static constructor.
RoslynAnalysisRunner will not be running.
RoslynAnalysisRunner has terminated.
Mono: successfully reloaded assembly
- Completed reload, in  1.428 seconds
Platform modules already initialized, skipping
Switching build target platform(5) subTarget(0) extendedPlatform(0) -> platform(13) subTarget(524288) extendedPlatform(0)
Refreshing native plugins compatible for Editor in 0.34 ms, found 0 plugins.
Preloading 0 native plugins for Editor in 0.00 ms.
Unloading 1539 Unused Serialized files (Serialized files now loaded: 0)
System memory in use before: 70.3 MB.
System memory in use after: 70.3 MB.

Unloading 7 unused Assets to reduce memory usage. Loaded Objects now: 2023.
Total: 2.732300 ms (FindLiveObjects: 0.369500 ms CreateObjectMapping: 0.079100 ms MarkObjects: 2.154800 ms  DeleteObjects: 0.127400 ms)

AssetImportParameters requested are different than current active one (requested -> active):
  custom:graphics/normal-map-encoding: 01000000000000000000000000000000 -> 02000000000000000000000000000000
========================================================================
Received Prepare
Registering precompiled user dll's ...
Registered in 0.001670 seconds.
Begin MonoManager ReloadAssembly
Native extension for WindowsStandalone target not found
Refreshing native plugins compatible for Editor in 0.43 ms, found 0 plugins.
Preloading 0 native plugins for Editor in 0.00 ms.
Invoked RoslynAnalysisRunner static constructor.
RoslynAnalysisRunner will not be running.
RoslynAnalysisRunner has terminated.
Mono: successfully reloaded assembly
- Completed reload, in  1.429 seconds
Platform modules already initialized, skipping
Switching build target platform(5) subTarget(0) extendedPlatform(0) -> platform(13) subTarget(524288) extendedPlatform(0)
Refreshing native plugins compatible for Editor in 0.32 ms, found 0 plugins.
Preloading 0 native plugins for Editor in 0.00 ms.
Unloading 1539 Unused Serialized files (Serialized files now loaded: 0)
System memory in use before: 70.3 MB.
System memory in use after: 70.3 MB.

Unloading 7 unused Assets to reduce memory usage. Loaded Objects now: 2026.
Total: 2.660000 ms (FindLiveObjects: 0.497200 ms CreateObjectMapping: 0.176600 ms MarkObjects: 1.853100 ms  DeleteObjects: 0.131300 ms)

AssetImportParameters requested are different than current active one (requested -> active):
  custom:graphics/normal-map-encoding: 01000000000000000000000000000000 -> 02000000000000000000000000000000
========================================================================
Received Prepare
Registering precompiled user dll's ...
Registered in 0.001476 seconds.
Begin MonoManager ReloadAssembly
Native extension for WindowsStandalone target not found
Refreshing native plugins compatible for Editor in 0.36 ms, found 0 plugins.
Preloading 0 native plugins for Editor in 0.00 ms.
Invoked RoslynAnalysisRunner static constructor.
RoslynAnalysisRunner will not be running.
RoslynAnalysisRunner has terminated.
Mono: successfully reloaded assembly
- Completed reload, in  1.514 seconds
Platform modules already initialized, skipping
Switching build target platform(5) subTarget(0) extendedPlatform(0) -> platform(13) subTarget(524288) extendedPlatform(0)
Refreshing native plugins compatible for Editor in 0.44 ms, found 0 plugins.
Preloading 0 native plugins for Editor in 0.00 ms.
Unloading 1539 Unused Serialized files (Serialized files now loaded: 0)
System memory in use before: 70.3 MB.
System memory in use after: 70.3 MB.

Unloading 7 unused Assets to reduce memory usage. Loaded Objects now: 2029.
Total: 2.599800 ms (FindLiveObjects: 0.318500 ms CreateObjectMapping: 0.081700 ms MarkObjects: 2.077400 ms  DeleteObjects: 0.121000 ms)

AssetImportParameters requested are different than current active one (requested -> active):
  custom:graphics/normal-map-encoding: 01000000000000000000000000000000 -> 02000000000000000000000000000000
========================================================================
Received Prepare
Registering precompiled user dll's ...
Registered in 0.001364 seconds.
Begin MonoManager ReloadAssembly
Native extension for WindowsStandalone target not found
Refreshing native plugins compatible for Editor in 0.33 ms, found 0 plugins.
Preloading 0 native plugins for Editor in 0.00 ms.
Invoked RoslynAnalysisRunner static constructor.
RoslynAnalysisRunner will not be running.
RoslynAnalysisRunner has terminated.
Mono: successfully reloaded assembly
- Completed reload, in  1.444 seconds
Platform modules already initialized, skipping
Switching build target platform(5) subTarget(0) extendedPlatform(0) -> platform(13) subTarget(524288) extendedPlatform(0)
Refreshing native plugins compatible for Editor in 0.32 ms, found 0 plugins.
Preloading 0 native plugins for Editor in 0.00 ms.
Unloading 1539 Unused Serialized files (Serialized files now loaded: 0)
System memory in use before: 70.3 MB.
System memory in use after: 70.4 MB.

Unloading 7 unused Assets to reduce memory usage. Loaded Objects now: 2032.
Total: 2.382600 ms (FindLiveObjects: 0.216900 ms CreateObjectMapping: 0.064600 ms MarkObjects: 1.972600 ms  DeleteObjects: 0.127700 ms)

AssetImportParameters requested are different than current active one (requested -> active):
  custom:graphics/normal-map-encoding: 01000000000000000000000000000000 -> 02000000000000000000000000000000
========================================================================
Received Prepare
Registering precompiled user dll's ...
Registered in 0.001219 seconds.
Begin MonoManager ReloadAssembly
Native extension for WindowsStandalone target not found
Refreshing native plugins compatible for Editor in 0.41 ms, found 0 plugins.
Preloading 0 native plugins for Editor in 0.00 ms.
Invoked RoslynAnalysisRunner static constructor.
RoslynAnalysisRunner will not be running.
RoslynAnalysisRunner has terminated.
Mono: successfully reloaded assembly
- Completed reload, in  1.380 seconds
Platform modules already initialized, skipping
Switching build target platform(5) subTarget(0) extendedPlatform(0) -> platform(13) subTarget(524288) extendedPlatform(0)
Refreshing native plugins compatible for Editor in 0.32 ms, found 0 plugins.
Preloading 0 native plugins for Editor in 0.00 ms.
Unloading 1539 Unused Serialized files (Serialized files now loaded: 0)
System memory in use before: 70.3 MB.
System memory in use after: 70.4 MB.

Unloading 7 unused Assets to reduce memory usage. Loaded Objects now: 2035.
Total: 2.686300 ms (FindLiveObjects: 0.347200 ms CreateObjectMapping: 0.059300 ms MarkObjects: 2.141300 ms  DeleteObjects: 0.137500 ms)

AssetImportParameters requested are different than current active one (requested -> active):
  custom:graphics/normal-map-encoding: 01000000000000000000000000000000 -> 02000000000000000000000000000000
========================================================================
Received Prepare
Refreshing native plugins compatible for Editor in 1.45 ms, found 0 plugins.
Preloading 0 native plugins for Editor in 0.00 ms.
Unloading 4 Unused Serialized files (Serialized files now loaded: 0)
System memory in use before: 39.9 MB.
System memory in use after: 39.9 MB.

Unloading 4 unused Assets to reduce memory usage. Loaded Objects now: 2035.
Total: 7.263500 ms (FindLiveObjects: 1.049300 ms CreateObjectMapping: 0.280200 ms MarkObjects: 5.824100 ms  DeleteObjects: 0.107900 ms)

========================================================================
Received Import Request.
  Time since last request: 1048.707769 seconds.
  path: Assets/Materialai/ObstClickable.mat
  artifactKey: Guid(7437536c9b3e04b459b32aa07f0df931) Importer(815301076,1909f56bfc062723c751e8b465ee728b)
Start importing Assets/Materialai/ObstClickable.mat using Guid(7437536c9b3e04b459b32aa07f0df931) Importer(815301076,1909f56bfc062723c751e8b465ee728b)  -> (artifact id: 'aef9647978780675114ced9919b46f37') in 0.146799 seconds
  Import took 0.152811 seconds .

========================================================================
Received Import Request.
  Time since last request: 163.276750 seconds.
  path: Assets/Skriptai/FloatWallObstBack.cs
  artifactKey: Guid(a2490d965ebde574f94ef66dfd18849b) Importer(815301076,1909f56bfc062723c751e8b465ee728b)
Start importing Assets/Skriptai/FloatWallObstBack.cs using Guid(a2490d965ebde574f94ef66dfd18849b) Importer(815301076,1909f56bfc062723c751e8b465ee728b)  -> (artifact id: '0d260c8dc57d042dbbc44394587b6add') in 0.004477 seconds
  Import took 0.010195 seconds .

========================================================================
Received Import Request.
  Time since last request: 0.002851 seconds.
  path: Assets/Skriptai/FloatWallObstBack.cs
  artifactKey: Guid(a2490d965ebde574f94ef66dfd18849b) Importer(815301076,1909f56bfc062723c751e8b465ee728b)
Start importing Assets/Skriptai/FloatWallObstBack.cs using Guid(a2490d965ebde574f94ef66dfd18849b) Importer(815301076,1909f56bfc062723c751e8b465ee728b)  -> (artifact id: '0d260c8dc57d042dbbc44394587b6add') in 0.003312 seconds
  Import took 0.007129 seconds .

========================================================================
Received Prepare
Registering precompiled user dll's ...
Registered in 0.001814 seconds.
Begin MonoManager ReloadAssembly
Native extension for WindowsStandalone target not found
Refreshing native plugins compatible for Editor in 0.53 ms, found 0 plugins.
Preloading 0 native plugins for Editor in 0.00 ms.
Invoked RoslynAnalysisRunner static constructor.
RoslynAnalysisRunner will not be running.
RoslynAnalysisRunner has terminated.
Mono: successfully reloaded assembly
- Completed reload, in  1.651 seconds
Platform modules already initialized, skipping
Switching build target platform(5) subTarget(0) extendedPlatform(0) -> platform(13) subTarget(524288) extendedPlatform(0)
Refreshing native plugins compatible for Editor in 0.32 ms, found 0 plugins.
Preloading 0 native plugins for Editor in 0.00 ms.
Unloading 1539 Unused Serialized files (Serialized files now loaded: 0)
System memory in use before: 73.6 MB.
System memory in use after: 73.7 MB.

Unloading 8 unused Assets to reduce memory usage. Loaded Objects now: 2077.
Total: 2.490600 ms (FindLiveObjects: 0.329800 ms CreateObjectMapping: 0.127900 ms MarkObjects: 1.896200 ms  DeleteObjects: 0.135300 ms)

AssetImportParameters requested are different than current active one (requested -> active):
  custom:graphics/normal-map-encoding: 01000000000000000000000000000000 -> 02000000000000000000000000000000
========================================================================
Received Prepare
Registering precompiled user dll's ...
Registered in 0.001172 seconds.
Begin MonoManager ReloadAssembly
Native extension for WindowsStandalone target not found
Refreshing native plugins compatible for Editor in 0.45 ms, found 0 plugins.
Preloading 0 native plugins for Editor in 0.00 ms.
Invoked RoslynAnalysisRunner static constructor.
RoslynAnalysisRunner will not be running.
RoslynAnalysisRunner has terminated.
Mono: successfully reloaded assembly
- Completed reload, in  1.527 seconds
Platform modules already initialized, skipping
Switching build target platform(5) subTarget(0) extendedPlatform(0) -> platform(13) subTarget(524288) extendedPlatform(0)
Refreshing native plugins compatible for Editor in 0.58 ms, found 0 plugins.
Preloading 0 native plugins for Editor in 0.00 ms.
Unloading 1540 Unused Serialized files (Serialized files now loaded: 0)
System memory in use before: 73.7 MB.
System memory in use after: 73.8 MB.

Unloading 8 unused Assets to reduce memory usage. Loaded Objects now: 2080.
Total: 2.183500 ms (FindLiveObjects: 0.331700 ms CreateObjectMapping: 0.061100 ms MarkObjects: 1.626200 ms  DeleteObjects: 0.162400 ms)

AssetImportParameters requested are different than current active one (requested -> active):
  custom:graphics/normal-map-encoding: 01000000000000000000000000000000 -> 02000000000000000000000000000000
========================================================================
Received Prepare
Refreshing native plugins compatible for Editor in 1.28 ms, found 0 plugins.
Preloading 0 native plugins for Editor in 0.00 ms.
Unloading 5 Unused Serialized files (Serialized files now loaded: 0)
System memory in use before: 43.3 MB.
System memory in use after: 43.3 MB.

Unloading 4 unused Assets to reduce memory usage. Loaded Objects now: 2081.
Total: 2.883200 ms (FindLiveObjects: 0.358100 ms CreateObjectMapping: 0.237700 ms MarkObjects: 2.137100 ms  DeleteObjects: 0.148800 ms)

========================================================================
Received Prepare
Registering precompiled user dll's ...
Registered in 0.000917 seconds.
Begin MonoManager ReloadAssembly
Native extension for WindowsStandalone target not found
Refreshing native plugins compatible for Editor in 0.32 ms, found 0 plugins.
Preloading 0 native plugins for Editor in 0.00 ms.
Invoked RoslynAnalysisRunner static constructor.
RoslynAnalysisRunner will not be running.
RoslynAnalysisRunner has terminated.
Mono: successfully reloaded assembly
- Completed reload, in  1.533 seconds
Platform modules already initialized, skipping
Switching build target platform(5) subTarget(0) extendedPlatform(0) -> platform(13) subTarget(524288) extendedPlatform(0)
Refreshing native plugins compatible for Editor in 0.67 ms, found 0 plugins.
Preloading 0 native plugins for Editor in 0.00 ms.
Unloading 1539 Unused Serialized files (Serialized files now loaded: 0)
System memory in use before: 73.6 MB.
System memory in use after: 73.7 MB.

Unloading 7 unused Assets to reduce memory usage. Loaded Objects now: 2084.
Total: 2.418900 ms (FindLiveObjects: 0.286300 ms CreateObjectMapping: 0.055600 ms MarkObjects: 1.951500 ms  DeleteObjects: 0.124500 ms)

AssetImportParameters requested are different than current active one (requested -> active):
  custom:graphics/normal-map-encoding: 01000000000000000000000000000000 -> 02000000000000000000000000000000
========================================================================
Received Prepare
Refreshing native plugins compatible for Editor in 1.59 ms, found 0 plugins.
Preloading 0 native plugins for Editor in 0.00 ms.
Unloading 4 Unused Serialized files (Serialized files now loaded: 0)
System memory in use before: 43.2 MB.
System memory in use after: 43.3 MB.

Unloading 4 unused Assets to reduce memory usage. Loaded Objects now: 2084.
Total: 2.324400 ms (FindLiveObjects: 0.239600 ms CreateObjectMapping: 0.088500 ms MarkObjects: 1.910700 ms  DeleteObjects: 0.084600 ms)

========================================================================
Received Prepare
Refreshing native plugins compatible for Editor in 1.52 ms, found 0 plugins.
Preloading 0 native plugins for Editor in 0.00 ms.
Unloading 4 Unused Serialized files (Serialized files now loaded: 0)
System memory in use before: 43.2 MB.
System memory in use after: 43.3 MB.

Unloading 4 unused Assets to reduce memory usage. Loaded Objects now: 2084.
Total: 3.199500 ms (FindLiveObjects: 0.202700 ms CreateObjectMapping: 0.069300 ms MarkObjects: 2.843700 ms  DeleteObjects: 0.082200 ms)

========================================================================
Received Prepare
Refreshing native plugins compatible for Editor in 0.97 ms, found 0 plugins.
Preloading 0 native plugins for Editor in 0.00 ms.
Unloading 4 Unused Serialized files (Serialized files now loaded: 0)
System memory in use before: 42.8 MB.
System memory in use after: 42.8 MB.

Unloading 5 unused Assets to reduce memory usage. Loaded Objects now: 2083.
Total: 2.585600 ms (FindLiveObjects: 0.251700 ms CreateObjectMapping: 0.059600 ms MarkObjects: 2.187400 ms  DeleteObjects: 0.083300 ms)

========================================================================
Received Prepare
Refreshing native plugins compatible for Editor in 1.03 ms, found 0 plugins.
Preloading 0 native plugins for Editor in 0.00 ms.
Unloading 5 Unused Serialized files (Serialized files now loaded: 0)
System memory in use before: 42.8 MB.
System memory in use after: 42.9 MB.

Unloading 5 unused Assets to reduce memory usage. Loaded Objects now: 2083.
Total: 2.731600 ms (FindLiveObjects: 0.264300 ms CreateObjectMapping: 0.082700 ms MarkObjects: 2.267000 ms  DeleteObjects: 0.116400 ms)

========================================================================
Received Prepare
Registering precompiled user dll's ...
Registered in 0.001107 seconds.
Begin MonoManager ReloadAssembly
Native extension for WindowsStandalone target not found
Refreshing native plugins compatible for Editor in 0.34 ms, found 0 plugins.
Preloading 0 native plugins for Editor in 0.00 ms.
Invoked RoslynAnalysisRunner static constructor.
RoslynAnalysisRunner will not be running.
RoslynAnalysisRunner has terminated.
Mono: successfully reloaded assembly
- Completed reload, in  1.738 seconds
Platform modules already initialized, skipping
Switching build target platform(5) subTarget(0) extendedPlatform(0) -> platform(13) subTarget(524288) extendedPlatform(0)
Refreshing native plugins compatible for Editor in 0.37 ms, found 0 plugins.
Preloading 0 native plugins for Editor in 0.00 ms.
Unloading 1540 Unused Serialized files (Serialized files now loaded: 0)
System memory in use before: 73.7 MB.
System memory in use after: 73.8 MB.

Unloading 8 unused Assets to reduce memory usage. Loaded Objects now: 2086.
Total: 2.693200 ms (FindLiveObjects: 0.311000 ms CreateObjectMapping: 0.097400 ms MarkObjects: 2.131000 ms  DeleteObjects: 0.152100 ms)

AssetImportParameters requested are different than current active one (requested -> active):
  custom:graphics/normal-map-encoding: 01000000000000000000000000000000 -> 02000000000000000000000000000000
========================================================================
Received Prepare
Refreshing native plugins compatible for Editor in 1.62 ms, found 0 plugins.
Preloading 0 native plugins for Editor in 0.00 ms.
Unloading 5 Unused Serialized files (Serialized files now loaded: 0)
System memory in use before: 43.3 MB.
System memory in use after: 43.3 MB.

Unloading 5 unused Assets to reduce memory usage. Loaded Objects now: 2086.
Total: 2.428100 ms (FindLiveObjects: 0.312800 ms CreateObjectMapping: 0.094800 ms MarkObjects: 1.855000 ms  DeleteObjects: 0.164200 ms)

AssetImportWorkerClient::OnTransportError - code=2 error=End of file
